2022-12-11 09:09:20,165 [Worker-6: Loading available Gradle versions] INFO  o.e.b.c.i.u.g.PublishedGradleVersions - Gradle version information cache is up-to-date. Trying to read.
2022-12-11 09:11:16,124 [Worker-6: Loading available Gradle versions] INFO  o.e.b.c.i.u.g.PublishedGradleVersions - Gradle version information cache is up-to-date. Trying to read.
2022-12-11 09:12:34,358 [Worker-2: Loading available Gradle versions] INFO  o.e.b.c.i.u.g.PublishedGradleVersions - Gradle version information cache is up-to-date. Trying to read.
2022-12-11 09:12:36,904 [Worker-7: Updating Maven Dependencies] INFO  o.e.m.c.i.l.LifecycleMappingFactory - Using org.eclipse.m2e.jdt.JarLifecycleMapping lifecycle mapping for MavenProject: com.example:petmily_prototype:0.0.1-SNAPSHOT @ C:\Users\gukhwa\Documents\PetMilyProject\PetMily\PetMily\pom.xml.
2022-12-11 09:12:49,401 [Worker-14: Launching PetMily - PetmilyPrototypeApplication] INFO  o.e.m.c.i.embedder.EclipseLogger - Using 'UTF-8' encoding to copy filtered resources.
2022-12-11 09:12:49,402 [Worker-14: Launching PetMily - PetmilyPrototypeApplication] INFO  o.e.m.c.i.embedder.EclipseLogger - Using 'UTF-8' encoding to copy filtered properties files.
2022-12-11 09:12:49,408 [Worker-14: Launching PetMily - PetmilyPrototypeApplication] INFO  o.e.m.c.i.embedder.EclipseLogger - Copying 1 resource
2022-12-11 09:12:49,436 [Worker-14: Launching PetMily - PetmilyPrototypeApplication] INFO  o.e.m.c.i.embedder.EclipseLogger - Copying 23 resources
2022-12-11 09:12:49,528 [Worker-14: Launching PetMily - PetmilyPrototypeApplication] INFO  o.e.m.c.i.embedder.EclipseLogger - Using 'UTF-8' encoding to copy filtered resources.
2022-12-11 09:12:49,529 [Worker-14: Launching PetMily - PetmilyPrototypeApplication] INFO  o.e.m.c.i.embedder.EclipseLogger - Using 'UTF-8' encoding to copy filtered properties files.
2022-12-11 09:12:49,529 [Worker-14: Launching PetMily - PetmilyPrototypeApplication] INFO  o.e.m.c.i.embedder.EclipseLogger - skip non existing resourceDirectory C:\Users\gukhwa\Documents\PetMilyProject\PetMily\PetMily\src\test\resources
2022-12-11 09:17:13,391 [Worker-6: Launching PetMily - PetmilyPrototypeApplication] INFO  o.e.m.c.i.embedder.EclipseLogger - Using 'UTF-8' encoding to copy filtered resources.
2022-12-11 09:17:13,391 [Worker-6: Launching PetMily - PetmilyPrototypeApplication] INFO  o.e.m.c.i.embedder.EclipseLogger - Using 'UTF-8' encoding to copy filtered properties files.
2022-12-11 09:17:13,393 [Worker-6: Launching PetMily - PetmilyPrototypeApplication] INFO  o.e.m.c.i.embedder.EclipseLogger - Copying 0 resource
2022-12-11 09:17:13,394 [Worker-6: Launching PetMily - PetmilyPrototypeApplication] INFO  o.e.m.c.i.embedder.EclipseLogger - Copying 0 resource
2022-12-11 09:17:13,400 [Worker-6: Launching PetMily - PetmilyPrototypeApplication] INFO  o.e.m.c.i.embedder.EclipseLogger - Using 'UTF-8' encoding to copy filtered resources.
2022-12-11 09:17:13,400 [Worker-6: Launching PetMily - PetmilyPrototypeApplication] INFO  o.e.m.c.i.embedder.EclipseLogger - Using 'UTF-8' encoding to copy filtered properties files.
2022-12-11 09:17:13,400 [Worker-6: Launching PetMily - PetmilyPrototypeApplication] INFO  o.e.m.c.i.embedder.EclipseLogger - skip non existing resourceDirectory C:\Users\gukhwa\Documents\PetMilyProject\PetMily\PetMily\src\test\resources
2022-12-11 09:17:37,290 [Worker-10: Launching PetMily - PetmilyPrototypeApplication] INFO  o.e.m.c.i.embedder.EclipseLogger - Using 'UTF-8' encoding to copy filtered resources.
2022-12-11 09:17:37,290 [Worker-10: Launching PetMily - PetmilyPrototypeApplication] INFO  o.e.m.c.i.embedder.EclipseLogger - Using 'UTF-8' encoding to copy filtered properties files.
2022-12-11 09:17:37,291 [Worker-10: Launching PetMily - PetmilyPrototypeApplication] INFO  o.e.m.c.i.embedder.EclipseLogger - Copying 0 resource
2022-12-11 09:17:37,291 [Worker-10: Launching PetMily - PetmilyPrototypeApplication] INFO  o.e.m.c.i.embedder.EclipseLogger - Copying 0 resource
2022-12-11 09:17:37,294 [Worker-10: Launching PetMily - PetmilyPrototypeApplication] INFO  o.e.m.c.i.embedder.EclipseLogger - Using 'UTF-8' encoding to copy filtered resources.
2022-12-11 09:17:37,294 [Worker-10: Launching PetMily - PetmilyPrototypeApplication] INFO  o.e.m.c.i.embedder.EclipseLogger - Using 'UTF-8' encoding to copy filtered properties files.
2022-12-11 09:17:37,294 [Worker-10: Launching PetMily - PetmilyPrototypeApplication] INFO  o.e.m.c.i.embedder.EclipseLogger - skip non existing resourceDirectory C:\Users\gukhwa\Documents\PetMilyProject\PetMily\PetMily\src\test\resources
2022-12-11 09:18:35,317 [Worker-18: Launching PetMily - PetmilyPrototypeApplication] INFO  o.e.m.c.i.embedder.EclipseLogger - Using 'UTF-8' encoding to copy filtered resources.
2022-12-11 09:18:35,318 [Worker-18: Launching PetMily - PetmilyPrototypeApplication] INFO  o.e.m.c.i.embedder.EclipseLogger - Using 'UTF-8' encoding to copy filtered properties files.
2022-12-11 09:18:35,318 [Worker-18: Launching PetMily - PetmilyPrototypeApplication] INFO  o.e.m.c.i.embedder.EclipseLogger - Copying 0 resource
2022-12-11 09:18:35,318 [Worker-18: Launching PetMily - PetmilyPrototypeApplication] INFO  o.e.m.c.i.embedder.EclipseLogger - Copying 0 resource
2022-12-11 09:18:35,324 [Worker-18: Launching PetMily - PetmilyPrototypeApplication] INFO  o.e.m.c.i.embedder.EclipseLogger - Using 'UTF-8' encoding to copy filtered resources.
2022-12-11 09:18:35,324 [Worker-18: Launching PetMily - PetmilyPrototypeApplication] INFO  o.e.m.c.i.embedder.EclipseLogger - Using 'UTF-8' encoding to copy filtered properties files.
2022-12-11 09:18:35,324 [Worker-18: Launching PetMily - PetmilyPrototypeApplication] INFO  o.e.m.c.i.embedder.EclipseLogger - skip non existing resourceDirectory C:\Users\gukhwa\Documents\PetMilyProject\PetMily\PetMily\src\test\resources
2022-12-11 09:19:13,601 [Worker-6: Launching PetMily - PetmilyPrototypeApplication] INFO  o.e.m.c.i.embedder.EclipseLogger - Using 'UTF-8' encoding to copy filtered resources.
2022-12-11 09:19:13,602 [Worker-6: Launching PetMily - PetmilyPrototypeApplication] INFO  o.e.m.c.i.embedder.EclipseLogger - Using 'UTF-8' encoding to copy filtered properties files.
2022-12-11 09:19:13,602 [Worker-6: Launching PetMily - PetmilyPrototypeApplication] INFO  o.e.m.c.i.embedder.EclipseLogger - Copying 0 resource
2022-12-11 09:19:13,602 [Worker-6: Launching PetMily - PetmilyPrototypeApplication] INFO  o.e.m.c.i.embedder.EclipseLogger - Copying 0 resource
2022-12-11 09:19:13,607 [Worker-6: Launching PetMily - PetmilyPrototypeApplication] INFO  o.e.m.c.i.embedder.EclipseLogger - Using 'UTF-8' encoding to copy filtered resources.
2022-12-11 09:19:13,607 [Worker-6: Launching PetMily - PetmilyPrototypeApplication] INFO  o.e.m.c.i.embedder.EclipseLogger - Using 'UTF-8' encoding to copy filtered properties files.
2022-12-11 09:19:13,608 [Worker-6: Launching PetMily - PetmilyPrototypeApplication] INFO  o.e.m.c.i.embedder.EclipseLogger - skip non existing resourceDirectory C:\Users\gukhwa\Documents\PetMilyProject\PetMily\PetMily\src\test\resources
2022-12-11 09:19:51,677 [Worker-5: Launching PetMily - PetmilyPrototypeApplication] INFO  o.e.m.c.i.embedder.EclipseLogger - Using 'UTF-8' encoding to copy filtered resources.
2022-12-11 09:19:51,678 [Worker-5: Launching PetMily - PetmilyPrototypeApplication] INFO  o.e.m.c.i.embedder.EclipseLogger - Using 'UTF-8' encoding to copy filtered properties files.
2022-12-11 09:19:51,678 [Worker-5: Launching PetMily - PetmilyPrototypeApplication] INFO  o.e.m.c.i.embedder.EclipseLogger - Copying 0 resource
2022-12-11 09:19:51,679 [Worker-5: Launching PetMily - PetmilyPrototypeApplication] INFO  o.e.m.c.i.embedder.EclipseLogger - Copying 0 resource
2022-12-11 09:19:51,682 [Worker-5: Launching PetMily - PetmilyPrototypeApplication] INFO  o.e.m.c.i.embedder.EclipseLogger - Using 'UTF-8' encoding to copy filtered resources.
2022-12-11 09:19:51,682 [Worker-5: Launching PetMily - PetmilyPrototypeApplication] INFO  o.e.m.c.i.embedder.EclipseLogger - Using 'UTF-8' encoding to copy filtered properties files.
2022-12-11 09:19:51,682 [Worker-5: Launching PetMily - PetmilyPrototypeApplication] INFO  o.e.m.c.i.embedder.EclipseLogger - skip non existing resourceDirectory C:\Users\gukhwa\Documents\PetMilyProject\PetMily\PetMily\src\test\resources
2022-12-11 09:20:29,837 [Worker-5: Launching PetMily - PetmilyPrototypeApplication] INFO  o.e.m.c.i.embedder.EclipseLogger - Using 'UTF-8' encoding to copy filtered resources.
2022-12-11 09:20:29,837 [Worker-5: Launching PetMily - PetmilyPrototypeApplication] INFO  o.e.m.c.i.embedder.EclipseLogger - Using 'UTF-8' encoding to copy filtered properties files.
2022-12-11 09:20:29,837 [Worker-5: Launching PetMily - PetmilyPrototypeApplication] INFO  o.e.m.c.i.embedder.EclipseLogger - Copying 0 resource
2022-12-11 09:20:29,837 [Worker-5: Launching PetMily - PetmilyPrototypeApplication] INFO  o.e.m.c.i.embedder.EclipseLogger - Copying 0 resource
2022-12-11 09:20:29,841 [Worker-5: Launching PetMily - PetmilyPrototypeApplication] INFO  o.e.m.c.i.embedder.EclipseLogger - Using 'UTF-8' encoding to copy filtered resources.
2022-12-11 09:20:29,841 [Worker-5: Launching PetMily - PetmilyPrototypeApplication] INFO  o.e.m.c.i.embedder.EclipseLogger - Using 'UTF-8' encoding to copy filtered properties files.
2022-12-11 09:20:29,841 [Worker-5: Launching PetMily - PetmilyPrototypeApplication] INFO  o.e.m.c.i.embedder.EclipseLogger - skip non existing resourceDirectory C:\Users\gukhwa\Documents\PetMilyProject\PetMily\PetMily\src\test\resources
2022-12-11 09:20:51,400 [Worker-1: Launching PetMily - PetmilyPrototypeApplication] INFO  o.e.m.c.i.embedder.EclipseLogger - Using 'UTF-8' encoding to copy filtered resources.
2022-12-11 09:20:51,400 [Worker-1: Launching PetMily - PetmilyPrototypeApplication] INFO  o.e.m.c.i.embedder.EclipseLogger - Using 'UTF-8' encoding to copy filtered properties files.
2022-12-11 09:20:51,401 [Worker-1: Launching PetMily - PetmilyPrototypeApplication] INFO  o.e.m.c.i.embedder.EclipseLogger - Copying 0 resource
2022-12-11 09:20:51,401 [Worker-1: Launching PetMily - PetmilyPrototypeApplication] INFO  o.e.m.c.i.embedder.EclipseLogger - Copying 0 resource
2022-12-11 09:20:51,413 [Worker-1: Launching PetMily - PetmilyPrototypeApplication] INFO  o.e.m.c.i.embedder.EclipseLogger - Using 'UTF-8' encoding to copy filtered resources.
2022-12-11 09:20:51,413 [Worker-1: Launching PetMily - PetmilyPrototypeApplication] INFO  o.e.m.c.i.embedder.EclipseLogger - Using 'UTF-8' encoding to copy filtered properties files.
2022-12-11 09:20:51,413 [Worker-1: Launching PetMily - PetmilyPrototypeApplication] INFO  o.e.m.c.i.embedder.EclipseLogger - skip non existing resourceDirectory C:\Users\gukhwa\Documents\PetMilyProject\PetMily\PetMily\src\test\resources
2022-12-11 09:21:24,555 [Worker-18: Launching PetMily - PetmilyPrototypeApplication] INFO  o.e.m.c.i.embedder.EclipseLogger - Using 'UTF-8' encoding to copy filtered resources.
2022-12-11 09:21:24,556 [Worker-18: Launching PetMily - PetmilyPrototypeApplication] INFO  o.e.m.c.i.embedder.EclipseLogger - Using 'UTF-8' encoding to copy filtered properties files.
2022-12-11 09:21:24,556 [Worker-18: Launching PetMily - PetmilyPrototypeApplication] INFO  o.e.m.c.i.embedder.EclipseLogger - Copying 0 resource
2022-12-11 09:21:24,556 [Worker-18: Launching PetMily - PetmilyPrototypeApplication] INFO  o.e.m.c.i.embedder.EclipseLogger - Copying 0 resource
2022-12-11 09:21:24,561 [Worker-18: Launching PetMily - PetmilyPrototypeApplication] INFO  o.e.m.c.i.embedder.EclipseLogger - Using 'UTF-8' encoding to copy filtered resources.
2022-12-11 09:21:24,561 [Worker-18: Launching PetMily - PetmilyPrototypeApplication] INFO  o.e.m.c.i.embedder.EclipseLogger - Using 'UTF-8' encoding to copy filtered properties files.
2022-12-11 09:21:24,561 [Worker-18: Launching PetMily - PetmilyPrototypeApplication] INFO  o.e.m.c.i.embedder.EclipseLogger - skip non existing resourceDirectory C:\Users\gukhwa\Documents\PetMilyProject\PetMily\PetMily\src\test\resources
2022-12-11 09:21:46,427 [Worker-18: Launching PetMily - PetmilyPrototypeApplication] INFO  o.e.m.c.i.embedder.EclipseLogger - Using 'UTF-8' encoding to copy filtered resources.
2022-12-11 09:21:46,427 [Worker-18: Launching PetMily - PetmilyPrototypeApplication] INFO  o.e.m.c.i.embedder.EclipseLogger - Using 'UTF-8' encoding to copy filtered properties files.
2022-12-11 09:21:46,427 [Worker-18: Launching PetMily - PetmilyPrototypeApplication] INFO  o.e.m.c.i.embedder.EclipseLogger - Copying 0 resource
2022-12-11 09:21:46,428 [Worker-18: Launching PetMily - PetmilyPrototypeApplication] INFO  o.e.m.c.i.embedder.EclipseLogger - Copying 0 resource
2022-12-11 09:21:46,431 [Worker-18: Launching PetMily - PetmilyPrototypeApplication] INFO  o.e.m.c.i.embedder.EclipseLogger - Using 'UTF-8' encoding to copy filtered resources.
2022-12-11 09:21:46,431 [Worker-18: Launching PetMily - PetmilyPrototypeApplication] INFO  o.e.m.c.i.embedder.EclipseLogger - Using 'UTF-8' encoding to copy filtered properties files.
2022-12-11 09:21:46,431 [Worker-18: Launching PetMily - PetmilyPrototypeApplication] INFO  o.e.m.c.i.embedder.EclipseLogger - skip non existing resourceDirectory C:\Users\gukhwa\Documents\PetMilyProject\PetMily\PetMily\src\test\resources
2022-12-11 09:22:34,373 [Worker-2: Launching PetMily - PetmilyPrototypeApplication] INFO  o.e.m.c.i.embedder.EclipseLogger - Using 'UTF-8' encoding to copy filtered resources.
2022-12-11 09:22:34,373 [Worker-2: Launching PetMily - PetmilyPrototypeApplication] INFO  o.e.m.c.i.embedder.EclipseLogger - Using 'UTF-8' encoding to copy filtered properties files.
2022-12-11 09:22:34,373 [Worker-2: Launching PetMily - PetmilyPrototypeApplication] INFO  o.e.m.c.i.embedder.EclipseLogger - Copying 0 resource
2022-12-11 09:22:34,373 [Worker-2: Launching PetMily - PetmilyPrototypeApplication] INFO  o.e.m.c.i.embedder.EclipseLogger - Copying 0 resource
2022-12-11 09:22:34,377 [Worker-2: Launching PetMily - PetmilyPrototypeApplication] INFO  o.e.m.c.i.embedder.EclipseLogger - Using 'UTF-8' encoding to copy filtered resources.
2022-12-11 09:22:34,377 [Worker-2: Launching PetMily - PetmilyPrototypeApplication] INFO  o.e.m.c.i.embedder.EclipseLogger - Using 'UTF-8' encoding to copy filtered properties files.
2022-12-11 09:22:34,377 [Worker-2: Launching PetMily - PetmilyPrototypeApplication] INFO  o.e.m.c.i.embedder.EclipseLogger - skip non existing resourceDirectory C:\Users\gukhwa\Documents\PetMilyProject\PetMily\PetMily\src\test\resources
2022-12-11 09:23:02,737 [Worker-14: Launching PetMily - PetmilyPrototypeApplication] INFO  o.e.m.c.i.embedder.EclipseLogger - Using 'UTF-8' encoding to copy filtered resources.
2022-12-11 09:23:02,737 [Worker-14: Launching PetMily - PetmilyPrototypeApplication] INFO  o.e.m.c.i.embedder.EclipseLogger - Using 'UTF-8' encoding to copy filtered properties files.
2022-12-11 09:23:02,737 [Worker-14: Launching PetMily - PetmilyPrototypeApplication] INFO  o.e.m.c.i.embedder.EclipseLogger - Copying 0 resource
2022-12-11 09:23:02,737 [Worker-14: Launching PetMily - PetmilyPrototypeApplication] INFO  o.e.m.c.i.embedder.EclipseLogger - Copying 0 resource
2022-12-11 09:23:02,741 [Worker-14: Launching PetMily - PetmilyPrototypeApplication] INFO  o.e.m.c.i.embedder.EclipseLogger - Using 'UTF-8' encoding to copy filtered resources.
2022-12-11 09:23:02,742 [Worker-14: Launching PetMily - PetmilyPrototypeApplication] INFO  o.e.m.c.i.embedder.EclipseLogger - Using 'UTF-8' encoding to copy filtered properties files.
2022-12-11 09:23:02,743 [Worker-14: Launching PetMily - PetmilyPrototypeApplication] INFO  o.e.m.c.i.embedder.EclipseLogger - skip non existing resourceDirectory C:\Users\gukhwa\Documents\PetMilyProject\PetMily\PetMily\src\test\resources
2022-12-11 09:23:18,896 [Worker-1: Launching PetMily - PetmilyPrototypeApplication] INFO  o.e.m.c.i.embedder.EclipseLogger - Using 'UTF-8' encoding to copy filtered resources.
2022-12-11 09:23:18,896 [Worker-1: Launching PetMily - PetmilyPrototypeApplication] INFO  o.e.m.c.i.embedder.EclipseLogger - Using 'UTF-8' encoding to copy filtered properties files.
2022-12-11 09:23:18,897 [Worker-1: Launching PetMily - PetmilyPrototypeApplication] INFO  o.e.m.c.i.embedder.EclipseLogger - Copying 0 resource
2022-12-11 09:23:18,897 [Worker-1: Launching PetMily - PetmilyPrototypeApplication] INFO  o.e.m.c.i.embedder.EclipseLogger - Copying 0 resource
2022-12-11 09:23:18,902 [Worker-1: Launching PetMily - PetmilyPrototypeApplication] INFO  o.e.m.c.i.embedder.EclipseLogger - Using 'UTF-8' encoding to copy filtered resources.
2022-12-11 09:23:18,903 [Worker-1: Launching PetMily - PetmilyPrototypeApplication] INFO  o.e.m.c.i.embedder.EclipseLogger - Using 'UTF-8' encoding to copy filtered properties files.
2022-12-11 09:23:18,903 [Worker-1: Launching PetMily - PetmilyPrototypeApplication] INFO  o.e.m.c.i.embedder.EclipseLogger - skip non existing resourceDirectory C:\Users\gukhwa\Documents\PetMilyProject\PetMily\PetMily\src\test\resources
2022-12-11 09:23:42,736 [Worker-18: Launching PetMily - PetmilyPrototypeApplication] INFO  o.e.m.c.i.embedder.EclipseLogger - Using 'UTF-8' encoding to copy filtered resources.
2022-12-11 09:23:42,736 [Worker-18: Launching PetMily - PetmilyPrototypeApplication] INFO  o.e.m.c.i.embedder.EclipseLogger - Using 'UTF-8' encoding to copy filtered properties files.
2022-12-11 09:23:42,737 [Worker-18: Launching PetMily - PetmilyPrototypeApplication] INFO  o.e.m.c.i.embedder.EclipseLogger - Copying 0 resource
2022-12-11 09:23:42,737 [Worker-18: Launching PetMily - PetmilyPrototypeApplication] INFO  o.e.m.c.i.embedder.EclipseLogger - Copying 0 resource
2022-12-11 09:23:42,740 [Worker-18: Launching PetMily - PetmilyPrototypeApplication] INFO  o.e.m.c.i.embedder.EclipseLogger - Using 'UTF-8' encoding to copy filtered resources.
2022-12-11 09:23:42,740 [Worker-18: Launching PetMily - PetmilyPrototypeApplication] INFO  o.e.m.c.i.embedder.EclipseLogger - Using 'UTF-8' encoding to copy filtered properties files.
2022-12-11 09:23:42,740 [Worker-18: Launching PetMily - PetmilyPrototypeApplication] INFO  o.e.m.c.i.embedder.EclipseLogger - skip non existing resourceDirectory C:\Users\gukhwa\Documents\PetMilyProject\PetMily\PetMily\src\test\resources
2022-12-11 09:24:03,231 [Worker-1: Launching PetMily - PetmilyPrototypeApplication] INFO  o.e.m.c.i.embedder.EclipseLogger - Using 'UTF-8' encoding to copy filtered resources.
2022-12-11 09:24:03,231 [Worker-1: Launching PetMily - PetmilyPrototypeApplication] INFO  o.e.m.c.i.embedder.EclipseLogger - Using 'UTF-8' encoding to copy filtered properties files.
2022-12-11 09:24:03,231 [Worker-1: Launching PetMily - PetmilyPrototypeApplication] INFO  o.e.m.c.i.embedder.EclipseLogger - Copying 0 resource
2022-12-11 09:24:03,232 [Worker-1: Launching PetMily - PetmilyPrototypeApplication] INFO  o.e.m.c.i.embedder.EclipseLogger - Copying 0 resource
2022-12-11 09:24:03,235 [Worker-1: Launching PetMily - PetmilyPrototypeApplication] INFO  o.e.m.c.i.embedder.EclipseLogger - Using 'UTF-8' encoding to copy filtered resources.
2022-12-11 09:24:03,235 [Worker-1: Launching PetMily - PetmilyPrototypeApplication] INFO  o.e.m.c.i.embedder.EclipseLogger - Using 'UTF-8' encoding to copy filtered properties files.
2022-12-11 09:24:03,235 [Worker-1: Launching PetMily - PetmilyPrototypeApplication] INFO  o.e.m.c.i.embedder.EclipseLogger - skip non existing resourceDirectory C:\Users\gukhwa\Documents\PetMilyProject\PetMily\PetMily\src\test\resources
2022-12-11 09:24:41,326 [Worker-5: Launching PetMily - PetmilyPrototypeApplication] INFO  o.e.m.c.i.embedder.EclipseLogger - Using 'UTF-8' encoding to copy filtered resources.
2022-12-11 09:24:41,326 [Worker-5: Launching PetMily - PetmilyPrototypeApplication] INFO  o.e.m.c.i.embedder.EclipseLogger - Using 'UTF-8' encoding to copy filtered properties files.
2022-12-11 09:24:41,327 [Worker-5: Launching PetMily - PetmilyPrototypeApplication] INFO  o.e.m.c.i.embedder.EclipseLogger - Copying 0 resource
2022-12-11 09:24:41,327 [Worker-5: Launching PetMily - PetmilyPrototypeApplication] INFO  o.e.m.c.i.embedder.EclipseLogger - Copying 0 resource
2022-12-11 09:24:41,333 [Worker-5: Launching PetMily - PetmilyPrototypeApplication] INFO  o.e.m.c.i.embedder.EclipseLogger - Using 'UTF-8' encoding to copy filtered resources.
2022-12-11 09:24:41,334 [Worker-5: Launching PetMily - PetmilyPrototypeApplication] INFO  o.e.m.c.i.embedder.EclipseLogger - Using 'UTF-8' encoding to copy filtered properties files.
2022-12-11 09:24:41,334 [Worker-5: Launching PetMily - PetmilyPrototypeApplication] INFO  o.e.m.c.i.embedder.EclipseLogger - skip non existing resourceDirectory C:\Users\gukhwa\Documents\PetMilyProject\PetMily\PetMily\src\test\resources
2022-12-11 09:25:05,928 [Worker-20: Launching PetMily - PetmilyPrototypeApplication] INFO  o.e.m.c.i.embedder.EclipseLogger - Using 'UTF-8' encoding to copy filtered resources.
2022-12-11 09:25:05,928 [Worker-20: Launching PetMily - PetmilyPrototypeApplication] INFO  o.e.m.c.i.embedder.EclipseLogger - Using 'UTF-8' encoding to copy filtered properties files.
2022-12-11 09:25:05,928 [Worker-20: Launching PetMily - PetmilyPrototypeApplication] INFO  o.e.m.c.i.embedder.EclipseLogger - Copying 0 resource
2022-12-11 09:25:05,928 [Worker-20: Launching PetMily - PetmilyPrototypeApplication] INFO  o.e.m.c.i.embedder.EclipseLogger - Copying 0 resource
2022-12-11 09:25:05,931 [Worker-20: Launching PetMily - PetmilyPrototypeApplication] INFO  o.e.m.c.i.embedder.EclipseLogger - Using 'UTF-8' encoding to copy filtered resources.
2022-12-11 09:25:05,931 [Worker-20: Launching PetMily - PetmilyPrototypeApplication] INFO  o.e.m.c.i.embedder.EclipseLogger - Using 'UTF-8' encoding to copy filtered properties files.
2022-12-11 09:25:05,932 [Worker-20: Launching PetMily - PetmilyPrototypeApplication] INFO  o.e.m.c.i.embedder.EclipseLogger - skip non existing resourceDirectory C:\Users\gukhwa\Documents\PetMilyProject\PetMily\PetMily\src\test\resources
